c:\users\bonzy\desktop\crypto\imgui-anti-cheat\x64\debug\vc143.pdb
c:\users\bonzy\desktop\crypto\imgui-anti-cheat\x64\debug\vc143.idb
c:\users\bonzy\desktop\crypto\imgui-anti-cheat\x64\debug\imgui-anti-cheat.obj
c:\users\bonzy\desktop\crypto\imgui-anti-cheat\x64\debug\imgui_widgets.obj
c:\users\bonzy\desktop\crypto\imgui-anti-cheat\x64\debug\imgui_tables.obj
c:\users\bonzy\desktop\crypto\imgui-anti-cheat\x64\debug\imgui_stdlib.obj
c:\users\bonzy\desktop\crypto\imgui-anti-cheat\x64\debug\imgui_impl_win32.obj
c:\users\bonzy\desktop\crypto\imgui-anti-cheat\x64\debug\imgui_impl_dx11.obj
c:\users\bonzy\desktop\crypto\imgui-anti-cheat\x64\debug\imgui_draw.obj
c:\users\bonzy\desktop\crypto\imgui-anti-cheat\x64\debug\imgui_demo.obj
c:\users\bonzy\desktop\crypto\imgui-anti-cheat\x64\debug\imgui.obj
c:\users\bonzy\desktop\crypto\x64\debug\compromiseqc.exe
c:\users\bonzy\desktop\crypto\x64\debug\compromiseqc.pdb
c:\users\bonzy\desktop\crypto\imgui-anti-cheat\x64\debug\compromiseqc.ilk
c:\users\bonzy\desktop\crypto\imgui-anti-cheat\x64\debug\imgui-anti-cheat.ilk
c:\users\bonzy\desktop\crypto\imgui-anti-cheat\x64\debug\compromiseqc.tlog\cl.command.1.tlog
c:\users\bonzy\desktop\crypto\imgui-anti-cheat\x64\debug\compromiseqc.tlog\cl.items.tlog
c:\users\bonzy\desktop\crypto\imgui-anti-cheat\x64\debug\compromiseqc.tlog\cl.read.1.tlog
c:\users\bonzy\desktop\crypto\imgui-anti-cheat\x64\debug\compromiseqc.tlog\cl.write.1.tlog
c:\users\bonzy\desktop\crypto\imgui-anti-cheat\x64\debug\compromiseqc.tlog\link.command.1.tlog
c:\users\bonzy\desktop\crypto\imgui-anti-cheat\x64\debug\compromiseqc.tlog\link.read.1.tlog
c:\users\bonzy\desktop\crypto\imgui-anti-cheat\x64\debug\compromiseqc.tlog\link.secondary.1.tlog
c:\users\bonzy\desktop\crypto\imgui-anti-cheat\x64\debug\compromiseqc.tlog\link.write.1.tlog
